	.text
	.syntax unified
	.eabi_attribute	67, "2.09"	@ Tag_conformance
	.cpu	cortex-m0
	.eabi_attribute	6, 12	@ Tag_CPU_arch
	.eabi_attribute	7, 77	@ Tag_CPU_arch_profile
	.eabi_attribute	8, 0	@ Tag_ARM_ISA_use
	.eabi_attribute	9, 1	@ Tag_THUMB_ISA_use
	.eabi_attribute	34, 0	@ Tag_CPU_unaligned_access
	.eabi_attribute	17, 1	@ Tag_ABI_PCS_GOT_use
	.eabi_attribute	20, 2	@ Tag_ABI_FP_denormal
	.eabi_attribute	21, 0	@ Tag_ABI_FP_exceptions
	.eabi_attribute	23, 1	@ Tag_ABI_FP_number_model
	.eabi_attribute	24, 1	@ Tag_ABI_align_needed
	.eabi_attribute	25, 1	@ Tag_ABI_align_preserved
	.eabi_attribute	38, 1	@ Tag_ABI_FP_16bit_format
	.eabi_attribute	18, 2	@ Tag_ABI_PCS_wchar_t
	.eabi_attribute	26, 1	@ Tag_ABI_enum_size
	.eabi_attribute	14, 0	@ Tag_ABI_PCS_R9_use
	.file	"cpu_load_monitor.c"
	.file	1 "C:\\Keil_v5\\ARM\\ARMCLANG\\bin\\..\\include" "stdint.h"
	.file	2 "D:\\SourceCode\\_Avery_M031\\M031BSP_RingBuffer_TimerEvent\\SampleCode\\Template\\Keil" "..\\cpu_load_monitor.h"
	.file	3 "D:\\SourceCode\\_Avery_M031\\M031BSP_RingBuffer_TimerEvent\\SampleCode\\Template\\Keil" "../cpu_load_monitor.c"
	.type	.Lllvm.embedded.module,%object  @ @llvm.embedded.module
	.section	.llvm.lto,"a",%progbits
	.p2align	4, 0x0
.Lllvm.embedded.module:
	.asciz	"BC\300\3365\024\000\000\005\000\000\000b\f0$MY\276f\335\373\264O\033\310$D\0012\005\000!\f\000\000\006\b\000\000\013\002!\000\002\000\000\000\027\000\000\000\007\201#\221A\310\004I\006\02029\222\001\204\f%\005\b\031\036\004\213b\200\024E\002B\222\013B\244\0202\0248\b\030K\n2R\210Hp\304!#D\022\207\214\020A\222\002d\310\b\261\024 CF\210 \311\0012R\204X\016\220\221\"D\220\241\202\242\002\031\303\007\313\025\tR\214\f\211 \000\000\031\000\000\000\"f\004\020\262B\202I\021RB\202I\221q\302PH\n\t&E\306\005BR&\b&\232#\000\2039\002\3504i\212(a\362\177F\240~dX\210\237\001\032\300 \242\177BD\bA\314\021 \331E\362\000\214\000\024\341\204\"\034P\002R\202P\2023\020P\210\323Z\253B\000s\004\2400G\020L\001\000\000\000Q\030\000\000\243\003\000\000\033\322)\370\377\377\377\377\0010\000?\000\340\000\220\200)\260\005> \310\241\034\334\341\035\344\241\035\302\201\035\332\300\034\340\241\r\332!\034\350\001\035\000x\220\207r\230\207r\220\007{(\2076\230\207t8\007w`\003x\220\207r\230\207r\220\007{(\2076\230\207t8\007w\000\bwx\2076H\007w0\207yh\003s\200\2076h\207p\240\007t\000\350A\036\352\241\034\000\302\035\336\241\r\334!\034\334a\036\332\300\034\340\241\r\332!\034\350\001\035\000z\220\207z(\007\200p\207wh\203yH\207sp\207r \2076\320\207r\220\207w\230\20760\007xh\203v\b\007z@\007\200\036\344\241\036\312\001 \334\341\035\332\200\036\344!\034\340\001\036\322\301\035\316\241\r\332!\034\350\001\035\000z\220\207z(\007\200\230\007z\b\207qX\2076\200\007yx\007z(\207q\240\207w\220\2076\020\207z0\007s(\007yh\203yH\007}(\007\000\017\000\202\036\302A\036\316\241\034\350\241\r\306\001\036\352\001\030\207w\220\007z(\007|h\203v\200\003\200\240\207p\220\207s(\007zh\003s(\207p\240\207z\220\207r\230\007`\r\302A\036\332\301\036\354\240\r\332\201\r\326`\036\350A\036\322a\034\350\241\r\302\201\035\322\341\034\334\201\r\326\200\036\320\241\036\332A\034\332\240\035\336\201\034\312\201\r\332 \034\312a\036\330\240\r\304\301\034\342\300\016\330\240\r\306\201\034\312a\034\340\001\016\330\240\r\306\201\034\312a\034\340!\016\330\240\r\306\201\034\312a\034\340A\016\330\240\r\306\201\034\312a\034\340a\016\330\240\r\306\201\034\312a\034\340\201\016\330\240\r\306\201\034\312a\034\340\241\016\330\240\r\306\201\034\312a\034\340\301\016\330\240\r\306\201\034\312a\034\340\341\016\330\240\r\306A\036\306\201\r\332`\034\344!\037\340\201\036\336\201\r\332\200\034\346@\016\330\240\r\310\341\035\350\001\036\344\341\035\310\201\r\332\200\034\346\001\036\330\240\r\314a\034\312\201\r\332\300\034\340\241\r\302A\036\332\301\036\360\200\r\332\300\034\340\241\r\302A\036\332\301\036\360\200\034\342\300\016\330\240\r\314\001\036\332 \034\344\241\035\354\001\017\310!\016\354`\036\340\201\r\332\300\034\340\241\r\302A\036\332\301\036\360`\036\340\201\r\332\300\034\340!\016\354\200\r\332\300\034\340!\016\354\300\034\332\201\035\330\240\r\314\001\036\354\200\016\330\240\r\314\001\036\344\241\034\316a\036\330\240\r\314\241\036\330\201\035\314\001\036\342\300\016\330\240\r\320\341\036\310!\035\354\201\r\332\000\035\356\201\034\322\301\036\332 \034\344\241\035\330\240\r\322\001\017\332\241\035\330\240\r\330\341\035\304\201\r\332\240\035\354\241\034\330\240\r\332\301\036\312\301\r\314\001\036\330\240\r\334\241\034\336\301\035\330\240\r\340!\034\306A\034\350!\035\330\240\r\344!\034\346\201\r\332`\036\304\201\r\332`\036\320!\034\344\200\r\332\300\036\314\001\036\344\200\r\332\300\036\314\001\036\344`\036\340\201\r\332\300\036\314\001\036\346\200\r\332\300\036\314\001\036\346\200\034\342\300\016\330\240\r\354\301\034\340a\016\310!\016\354`\036\340\201\r\332\300\036\314\001\036\346`\036\340\201\r\332\300\036\314\001\036\350\200\r\332\300\036\314\001\036\350\200\034\342\300\016\330\240\r\354\301\034\340\201\016\310!\016\354`\036\340\201\r\332\300\036\314\001\036\350`\036\340\001\330@\b\001@\n\033\304i\370\377\377\377\377\0010\000\t\230\br(\007wx\007yh\207p`\20760\007xh\203v\b\007z@\007\000\036\344\241\034\346\241\034\344\301\036\312\241\r\346!\035\316\301\035\330\000\036\344\241\034\346\241\034\344\301\036\312\241\r\346!\035\316\301\035\000\302\035\336\241\r\322\301\035\314a\036\332\300\034\340\241\r\332!\034\350\001\035\000z\220\207z(\007\200p\207wh\003w\b\007w\230\20760\007xh\203v\b\007z@\007\200\036\344\241\036\312\001 \334\341\035\332`\036\322\341\034\334\241\034\310\241\r\364\241\034\344\341\035\346\241\r\314\001\036\332\240\035\302\201\036\320\001\240\007y\250\207r\000\bwx\2076\240\007y\b\007x\200\207tp\207sh\203v\b\007z@\007\200\036\344\241\036\312\001 \346\201\036\302a\034\326\241\r\340A\036\336\201\036\312a\034\350\341\035\344\241\r\304\241\036\314\301\034\312A\036\332`\036\322A\037\312\001\300\003\200\240\207p\220\207s(\007zh\203q\200\207z\000\306\341\035\344\201\036\312\001\037\332\240\035\340\000 \350!\034\344\341\034\312\201\036\332\300\034\312!\034\350\241\036\344\241\034\346\001X\203p\220\207v\260\007;h\203v`\2035\230\007z\220\207t\030\007zh\203p`\207t8\007w`\2035\240\007t\250\207v\020\2076h\207w \207r`\2036\b\207r\230\0076h\003q0\2078\260\0036h\203q \207r\030\007x\200\0036h\203q \207r\030\007x\210\0036h\203q \207r\030\007x\220\0036h\203q \207r\030\007x\230\0036h\203q \207r\030\007x\240\0036h\203q \207r\030\007x\250\0036h\203q \207r\030\007x\260\0036h\203q \207r\030\007x\270\0036h\203q\220\207q`\2036\030\007y\310\007x\240\207w`\2036 \2079\220\0036h\003rx\007z\200\007yx\007r`\2036 \207y\200\0076h\003s\030\207r`\20360\007xh\203p\220\207v\260\007<`\20360\007xh\203p\220\207v\260\007< \2078\260\0036h\003s\200\2076\b\007yh\007{\300\003r\210\003;\230\007x`\20360\007xh\203p\220\207v\260\007<\230\007x`\20360\007x\210\003;`\20360\007x\210\003;0\207v`\0076h\003s\200\007;\240\0036h\003s\200\007y(\207s\230\0076h\003s\250\007v`\007s\200\2078\260\0036h\003t\270\007rH\007{`\2036@\207{ \207t\260\2076\b\007yh\0076h\203t\300\203vh\0076h\003vx\007q`\2036h\007{(\0076h\203v\260\207rp\003s\200\0076h\003w(\207wp\0076h\003x\b\207q\020\007zH\0076h\003y\b\207y`\2036\230\007q`\2036\230\007t\b\0079`\2036\260\007s\200\0079`\2036\260\007s\200\0079\230\007x`\2036\260\007s\200\2079`\2036\260\007s\200\2079 \2078\260\0036h\003{0\007x\230\003r\210\003;\230\007x`\2036\260\007s\200\2079\230\007x`\2036\260\007s\200\007:`\2036\260\007s\200\007: \2078\260\0036h\003{0\007x\240\003r\210\003;\230\007x`\2036\260\007s\200\007:\230\007x\0006 D\000,\000)\000\324\006p*\376\377\377\377\177\000\f`\"\310\241\034\334\341\035\344\241\035\302\201\035\332\300\034\340\241\r\332!\034\350\001\035\000x\220\207r\230\207r\220\007{(\2076\230\207t8\007w`\003x\220\207r\230\207r\220\007{(\2076\230\207t8\007w\000\bwx\2076H\007w0\207yh\003s\200\2076h\207p\240\007t\000\350A\036\352\241\034\000\302\035\336\241\r\334!\034\334a\036\332\300\034\340\241\r\332!\034\350\001\035\000z\220\207z(\007\200p\207wh\203yH\207sp\207r \2076\320\207r\220\207w\230\20760\007xh\203v\b\007z@\007\200\036\344\241\036\312\001 \334\341\035\332\200\036\344!\034\340\001\036\322\301\035\316\241\r\332!\034\350\001\035\000z\220\207z(\007\200\230\007z\b\207qX\2076\200\007yx\007z(\207q\240\207w\220\2076\020\207z0\007s(\007yh\203yH\007}(\007\000\017\000\202\036\302A\036\316\241\034\350\241\r\306\001\036\352\001\030\207w\220\007z(\007|h\203v\200\003\200\240\207p\220\207s(\007zh\003s(\207p\240\207z\220\207r\230\007`\r\302A\036\332\301\036\354\240\r\332\201\r\326`\036\350A\036\322a\034\350\241\r\302\201\035\322\341\034\334\201\r\326\200\036\320\241\036\332A\034\332\240\035\336\201\034\312\201\r\332 \034\312a\036\330\240\r\304\301\034\342\300\016\330\240\r\306\201\034\312a\034\340\001\016\330\240\r\306\201\034\312a\034\340!\016\330\240\r\306\201\034\312a\034\340A\016\330\240\r\306\201\034\312a\034\340a\016\330\240\r\306\201\034\312a\034\340\201\016\330\240\r\306\201\034\312a\034\340\241\016\330\240\r\306\201\034\312a\034\340\301\016\330\240\r\306\201\034\312a\034\340\341\016\330\240\r\306A\036\306\201\r\332`\034\344!\037\340\201\036\336\201\r\332\200\034\346@\016\330\240\r\310\341\035\350\001\036\344\341\035\310\201\r\332\200\034\346\001\036\330\240\r\314a\034\312\201\r\332\300\034\340\241\r\302A\036\332\301\036\360\200\r\332\300\034\340\241\r\302A\036\332\301\036\360\200\034\342\300\016\330\240\r\314\001\036\332 \034\344\241\035\354\001\017\310!\016\354`\036\340\201\r\332\300\034\340\241\r\302A\036\332\301\036\360`\036\340\201\r\332\300\034\340!\016\354\200\r\332\300\034\340!\016\354\300\034\332\201\035\330\240\r\314\001\036\354\200\016\330\240\r\314\001\036\344\241\034\316a\036\330\240\r\314\241\036\330\201\035\314\001\036\342\300\016\330\240\r\320\341\036\310!\035\354\201\r\332\000\035\356\201\034\322\301\036\332 \034\344\241\035\330\240\r\322\001\017\332\241\035\330\240\r\330\341\035\304\201\r\332\240\035\354\241\034\330\240\r\332\301\036\312\301\r\314\001\036\330\240\r\334\241\034\336\301\035\330\240\r\340!\034\306A\034\350!\035\330\240\r\344!\034\346\201\r\332`\036\304\201\r\332`\036\320!\034\344\200\r\332\300\036\314\001\036\344\200\r\332\300\036\314\001\036\344`\036\340\201\r\332\300\036\314\001\036\346\200\r\332\300\036\314\001\036\346\200\034\342\300\016\330\240\r\354\301\034\340a\016\310!\016\354`\036\340\201\r\332\300\036\314\001\036\346`\036\340\201\r\332\300\036\314\001\036\350\200\r\332\300\036\314\001\036\350\200\034\342\300\016\330\240\r\354\301\034\340\201\016\310!\016\354`\036\340\201\r\332\300\036\314\001\036\350`\036\340\001\330@\030\000 \006\033\242\343\377\377\377\377\007\340\024\000?\000\376\000\220\200:\000\372 \260\005`\0039!\377\377\377\377?\000\006\340\007\200\004L\0049\224\203;\274\203<\264C8\260C\033\230\003<\264A;\204\003=\240\003\000\017\362P\016\363P\016\362`\017\345\320\006\363\220\016\347\340\016l\000\017\362P\016\363P\016\362`\017\345\320\006\363\220\016\347\340\016\000\341\016\357\320\006\351\340\016\3460\017m`\016\360\320\006\355\020\016\364\200\016\000=\310C=\224\003@\270\303;\264\201;\204\203;\314C\033\230\003<\264A;\204\003=\240\003@\017\362P\017\345\000\020\356\360\016m0\017\351p\016\356P\016\344\320\006\372P\016\362\360\016\363\320\006\346\000\017m\320\016\341@\017\350\000\320\203<\324C9\000\204;\274C\033\320\203<\204\003<\300C:\270\3039\264A;\204\003=\240\003@\017\362P\017\345\000\020\363@\017\3410\016\353\320\006\360 \017\357@\017\3450\016\364\360\016\362\320\006\342P\017\346`\016\345 \017m0\017\351\240\017\345\000\340\001@\320C8\310\3039\224\003=\264\3018\300C=\000\343\360\016\362@\017\345\200\017m\320\016p\000\020\364\020\016\362p\016\345@\017m`\016\345\020\016\364P\017\362P\016\363\000\254A8\310C;\330\203\035\264A;\260\301\032\314\003=\310C:\214\003=\264A8\260C:\234\203;\260\301\032\320\003:\324C;\210C\033\264\303;\220C9\260A\033\204C9\314\003\033\264\2018\230C\034\330\001\033\264\3018\220C9\214\003<\300\001\033\264\3018\220C9\214\003<\304\001\033\264\3018\220C9\214\003<\310\001\033\264\3018\220C9\214\003<\314\001\033\264\3018\220C9\214\003<\320\001\033\264\3018\220C9\214\003<\324\001\033\264\3018\220C9\214\003<\330\001\033\264\3018\220C9\214\003<\334\001\033\264\3018\310\3038\260A\033\214\203<\344\003<\320\303;\260A\033\220\303\034\310\001\033\264\0019\274\003=\300\203<\274\0039\260A\033\220\303<\300\003\033\264\2019\214C9\260A\033\230\003<\264A8\310C;\330\003\036\260A\033\230\003<\264A8\310C;\330\003\036\220C\034\330\001\033\264\2019\300C\033\204\203<\264\203=\340\0019\304\201\035\314\003<\260A\033\230\003<\264A8\310C;\330\003\036\314\003<\260A\033\230\003<\304\201\035\260A\033\230\003<\304\201\035\230C;\260\003\033\264\2019\300\203\035\320\001\033\264\2019\300\203<\224\3039\314\003\033\264\2019\324\003;\260\2039\300C\034\330\001\033\264\001:\334\0039\244\203=\260A\033\240\303=\220C:\330C\033\204\203<\264\003\033\264A:\340A;\264\003\033\264\001;\274\2038\260A\033\264\203=\224\003\033\264A;\330C9\270\2019\300\003\033\264\201;\224\303;\270\003\033\264\001<\204\3038\210\003=\244\003\033\264\201<\204\303<\260A\033\314\2038\260A\033\314\003:\204\203\034\260A\033\330\2039\300\203\034\260A\033\330\2039\300\203\034\314\003<\260A\033\330\2039\300\303\034\260A\033\330\2039\300\303\034\220C\034\330\001\033\264\201=\230\003<\314\0019\304\201\035\314\003<\260A\033\330\2039\300\303\034\314\003<\260A\033\330\2039\300\003\035\260A\033\330\2039\300\003\035\220C\034\330\001\033\264\201=\230\003<\320\0019\304\201\035\314\003<\260A\033\330\2039\300\003\035\314\003<\000\033\210\004\000Ha\003\242\004\300\002\220\002Pm@\226\377\377\377\377\037\000\003\220\200iC\302\004\000)\000g\020\244A\260\201h\004\200\0246\020\316\000\220\302\006\342!\000R\330@@\005@\n\033\210\310\000Ha\003!\035\000)l &\004 \005\000\000I\030\000\000\t\000\000\000\023\204@\230 \f\304\004\2410&\004\305\204\340\2300 \2112AX\214\t\3012!Y\230\306y\240H\232\000\000\023,z@\207zh\007q\260\007;h\2076\b\007yh\2076p\207wp\207rh\203r\b\007qH\207\rsP\016m\320\016zP\016m\000\017z0\007r\240\007s \007m`\n\351\200\007m\220\016v@\007z`\007t\320\006\366\020\007r\200\007z`\007t\240\007q \007x\320\006\341\240\007p\240\007s \007m\340\016s \007m0\013v@\007+\032v`\007{h\0077h\207r\240\207p \207p\240\207pPz@\210\220\f2d\244\210\220\240\021\302\344\264r\271^cx\375\313~\207\311\337\366\333\235\246\277\345\256\361\016\n\200\006\341\003\006 \000\000\000\000\200\000\002\000`\007\005\021\305\000\006I\000\000@\000\000\000\020@\000\000\220\"\301B\030\b\016\251\272\t\001\000 \000\200\000\020\000\000\000\200\000\200\200!\025\034\\\t\000\000\002\000\004\200\000\000\000\000\004\000\004\f\251N\201S\200\000\030\000\000\000\004\000\000\000 \000 `H5\016`\260\000\001@\000\000\000\b\000\000\000@\000@\300\220j$8\006\b\000\002\000\000@\000\000\000\000\002\000\002\206T?\3418@\000\024\000\000\000\000\000\000\000\000\000\0200\244j\213\344\001\002\300\000\000\000\000\000\000\000\000\000\200\200!\225]<\f\020\000\000\000\004\000\000\000\000\000\004\000\004\f\251J\243a\200\000\000\000 \000\000\000\000\000 \000 `H%\033\021\003\004\000\000\000\001\000\000\000\000\000\001\000\001C\252\361\230\030 \000\000\000\b\000\000\000\000\000\b\000\b\030R\331\007\304\000\001\000\000@\000\000\000\000\000@\000@\300\220\312D\022\006\b\000\000\000\002\000\000\000\000\000\002\000\002\206T/\3620@\000\000\000\020\000\000\000\000\000\020\000\020 \261A\240\260\002\002\000@\026\b\000\000#\000\000\0002\036\230\030\031\021L\220\214\t&G\306\004C\n#\000\005\013lQ\016\205P\004eP\002$j\200`\351\006\214\000\024BA\024\006\r$\")\302\250(/\f\241U\020\373\035&\203z\240\322\214]w\225`1v\275T\002\241\322dv\371\353~\337{%v\235\005J\223\331\345o;\214\357\225\330\365\024+Z/\327\313 r\031NG\203\332a|\257T\007\275@\245:\013\364\266\227\345f\366\373\336+\261\353\r\005\031<\224\205i\234\007\002\000\261\030\000\000\301\000\000\0003\b\200\034\304\341\034f\024\001=\210C8\204\303\214B\200\007yx\007s\230q\f\346\000\017\355\020\016\364\200\0163\fB\036\302\301\035\316\241\034f0\005=\210C8\204\203\033\314\003=\310C=\214\003=\314x\214tp\007{\b\007yH\207pp\007zp\003vx\207p \207\031\314\021\016\354\220\016\3410\017n0\017\343\360\016\360P\0163\020\304\035\336!\034\330!\035\302a\036f0\211;\274\203;\320C9\264\003<\274\203<\204\003;\314\360\024v`\007{h\0077h\207rh\0077\200\207p\220\207p`\007v(\007v\370\005vx\207w\200\207_\b\207q\030\207r\230\207y\230\201,\356\360\016\356\340\016\365\300\016\3540\003b\310\241\034\344\241\034\314\241\034\344\241\034\334a\034\312!\034\304\201\035\312a\006\326\220C9\310C9\230C9\310C9\270\3038\224C8\210\003;\224\303/\274\203<\374\202;\324\003;\260\303\f\307i\207pX\207rp\203th\007x`\207t\030\207t\240\207\031\316S\017\356\000\017\362P\016\344\220\016\343@\017\341 \016\354P\0163 (\035\334\301\036\302A\036\322!\034\334\201\036\334\340\034\344\341\035\352\001\036f\030Q8\260C:\234\203;\314P$v`\007{h\0077`\207wx\007x\230QL\364\220\017\360P\0163\036j\036\312a\034\350!\035\336\301\035~\001\036\344\241\034\314!\035\360a\006T\205\2038\314\303;\260C=\320C9\374\302<\344C;\210\303;\260\303\214\305\n\207y\230\207w\030\207t\b\007z(\007r\230\201\\\343\020\016\354\300\016\345P\016\3630#\301\322A\036\344\341\027\330\341\035\336\001\036fH\031;\260\203=\264\203\033\204\3038\214C9\314\303<\270\3019\310\303;\324\003<\314H\264q\b\007v`\007q\b\207qX\207\031\333\306\016\354`\017\355\340\006\360 \017\3450\017\345 \017\366P\016n\020\016\3430\016\3450\017\363\340\006\351\340\016\344P\016\3700#\342\354a\034\302\201\035\330\341\027\354!\035\346!\035\304!\035\330!\035\350!\037f \235;\274C=\270\0039\224\2039\314X\274pp\007wx\007z\b\007zH\207wp\207\031\313\347\016\3570\017\341\340\016\351@\017\351\240\017\3450\303\001\003s\250\007w\030\207_\230\207pp\207t\240\207t\320\207r\230\201\204A9\340\3038\260C=\220C9\314@\304\240\035\312\241\035\340A\036\336\301\034f$c0\016\341\300\016\3540\017\351@\017\3450C!\203u\030\007sH\207_\240\207|\200\207r\230\261\224\001<\214\303<\224\3038\320C:\274\203;\314\303\214\305\fH!\025Ba\036\346!\035\316\301\035R\201\024fLg0\016\357 \017\357\340\006\357P\017\3640\017\351@\016\345\340\006\346 \017\341\320\016\345\000\000\000y \000\000{\001\000\000r\036H C\210\f\031\tr2H #\201\214\221\221\321D\240\020(d<12B\216\220!\243H\006`0[\000\000\000\025,\214B\303T\004TI\023\363\006\b\362<\210\323HJ#I\0231<Q!q\r\030p\000\000..\\cpu_load_monitor.cD:\\SourceCode\\_Avery_M031\\M031BSP_RingBuffer_TimerEvent\\SampleCode\\Template\\KeilComponent: Arm Compiler for Embedded 6.22 Tool: armclang [5ee92100]unsigned longunsigned int../cpu_load_monitor.ccharg_MCUIdleManager..\\cpu_load_monitor.hMCU_IDLE_MANAGER_T_mcu_idle_manager_tidle_counterC:\\Keil_v5\\ARM\\ARMCLANG\\bin\\..\\include\\stdint.huint32_tidle_maxcpu_load_permiltimer_id_cpumonuint16_tunsigned shortDwarf VersionDebug Info Versionwchar_sizestatic_rwdataenumsize_buildattrarmlib_unavailablearmcompiler-version6.22intomnipotent charSimple C/C++ TBAAshort..\\timer_service.hTimerService_GetQueueMaxUsedunsigned charTimerService_GetQueueOverflowCntTimerService_ClearQueueStats\000\346\026\001\000\000\000\000\0000\202\000e#\b\3014\202\020P#\bA5\202\020X#\b\3015\202\020D#\b\2206\202\000m#\b\0207\202\000u\2635\005\000\000|p\n\240\020\004\000\000\000#Y\303\264\204\202\030\000\000H\000\000\300\n\000\000\000\000\000\000\0000[S\314\001\002\360\2012\n@\000\000\0000\224\0250t0\004\000\000\004\300\035\000{\000\000\000\000\b\000\000\fT\000\201\000\000\363\034\000\031\020`\000\034\300<\007@\006\005\030\000\0070\203P\007v0]`L\031\f\200\034\340\301\224\301\000\300\001\036\314 \344\201\036\fT\000\206\000\000\363\034\000\031\034\b\200\000\323\024D\031\000\0000C\340\007#YB\000\000\000\320\007\350\005\000\300\037\000\000\000\000\000\000\000\300@\005\220\b\0000\221\003XJ(\240\001\020\007\000\000\000\000\000L\344\000u\000\000\000 \n\000\000\000\000\000\fT\000\r\000\000\0239\200\345\220\002(\000v\000\000\000\000\000\300D\016\3200\241@\006qP\n`\000\000\000\000\000\0239@\363\204B\031\304A)\200\001\000\006\000\000\000\0239@\003\205\202\031\304A)\200\001\000\n\000\000\000\363\034\000\031L\020p\000\0239\200%\221\302\037\000\251\000\000\000\000\000\300D\016\320D\241p\006q\240\n\020\000\016\000\000\0003\020\246p\n\250\260\n3\ff@\235\301\f\003\032Ti0\303\240\006\026\032\3140\250\301\245\0063\fj\200\251\301\f\203\032dk0\303\240\006\3326C0\314\020x3\f]-\260\301\f\003g\013l0\303\360\331\002\033\314\220,\267\300\006\267\320\006\267\340\006\270\360\0063\f\271p\013l0\303\220\013\267\320\0063\f\271p\013n0P\001\200\201\000\000\363\034\000\031\210\001\002 \300\f\201/\314D\b\300/\000SQF/\204\001\320\013\254\000\016\000\000\001 \002\000\000\000\000\0000CP\0073\021\002 \016\300T\224\321\013c\000\364B+\214\003\000@\000\210\000\000\000\000\000\000\314\020\0003\021\002P\016\300T\224\321\013d\000\364\202+\230\003\000@\000\210\000\000\000\000\000\000\334(\000\034\307q\034\307q\034\307\301\003[\300\203Y\270\201)\230\002\032Xt@\007h\340\006\240@\007\234Y\270\201=\300\203\033\330\203H\240\004J\200\202=\210\004(\270\201\033\270\201\033\270\201\033\240\201e\271\201\033\270\201=\320\001\035\320\001\035\230\002\347\006l\301\271\001[Xn #\201\t\312\205\215\315\256\315\205L\354\314e\254n\224@\0162bc\263ksi{#\253c+s1c\013;\233\033\345`\205Vp\205W\200\205X\220\205T\330\330\354\332\\\322\310\312\334\350F\tfa\310`(\000p\0302\030\f`\034\206\f\206\0030\207!\203\001\000\360`\310`\b\200<\000\000\000\000\251\030\000\0005\000\000\000\013\nr(\207w\200\007zXp\230C=\270\3038\260C9\320\303\202\346\034\306\241\r\350A\036\302\301\035\346!\035\350!\035\336\301\035\026(\342P\016\346\360\016\362P\016\351\340\016\363@\017\013\222p0\007z(\007yH\007w\230\007zX\320\214\2039\234C=\204\203<\220\003=\204\203<\234C9\320\303\002\006\036\344\241\034\302\201\035\330\341\035\306!\034\350\241\034\310a\301q\016\343\320\006\354\220\016\366P\016\013\254q`\207pp\207sp\203p\220\207qp\203p\240\007z\b\207q@\207r \207q\b\007v`\207\005\007<\320\203<\204C=\320\003:, \326a\034\314!\035\026<\343\360\016\356`\017\345 \017\347P\016\3560\016\3450\016\364 \017\354\000\000\000\000\321\020\000\000\006\000\000\000\007\314<\244\203;\234\003;\224\003=\240\203<\224C8\220\303\001\000\000\000a \000\000A\000\000\000\023\004A,\020\000\000\000\005\000\000\000\004\206:\006\000\b\242\340\032\352\030\000 \210\202\n\000\000\000\000\3610\000\000\033\000\000\000\"G\310\220Q\nD\031\000\000\000\000\223\003\000\000CpuLoadMonitor_Initidle_max_value\000\000\000\253\250\203\017\320\001\340\003\214\0352\000\003@\024\004Ah\016\000\300\035\000\000\0006\b@\035l\"\004`\035\200q\212\240\016\351\300\007X\035\004\000\000l\b\332a\202\020\204\001\000#\006\007\020\202`\340pv\377\377\377?\340\375\377\377\377\320\376\377\377\377\303\214A\001\000\352\000\000\303\006\004\031LC0cPhc\240\016\0000l@\b\303\020\314\030\024\333\247\016\0000l@\004\323\020\314\030\024\234\031\250\003\000\354\214A\321\005\352\000\000\0011\000\000\005\000\000\000[\004 \035\266\fA\220\013[\006!\320\205-\303\020\354\002\000\000\000\000\000a \000\000\273\000\000\000\023\004E,\020\000\000\000\006\000\000\000\024\212\242\240\037\n\204\300P\307\000\000A\024\\C\035\003\000\004QP\001\000\3610\000\0003\000\000\000\"G\310\220Q\022\304\035\000\000\000\000W\202,\000CpuLoadMonitor_Callbackuser_dataidle_nowload_permil\000\253\250\203\017\320\001\340\203O\036\300\000\300\000\020\005A\020\232\003\000\260\007\000\000\200YE\300\016|\360\006\311\254\"`\007>\250\203dV\021\270\003\037\350A\261\310\001\036\000\000\000\000\f\000\000\000\000`\203\000\300\303&B\000\342\001\030\247\b\354\220\016|\360\301C\000\000\3008E`\007u\340\2030(\005\000\000\200q\212\300\016\353\300\007bP\n\000\000\000\033\206y\240\207z\230 \000a0A\b\316`\202\020\300\301\004!\210\003\000\000#\006\007\020\202`\340|q\377\377\377?\324\375\377\377\377\000\377\377\377\377\303\214A\001\000\354\000\000t\006a\316\030\024d\020\006\354\000\000#\006\007\020\202`\340\200A\334\377\377\377\017u\377\377\377?\304\377\377\377\3770cP\000\000;\000\300\260\001\201\006\327\020\314\030\024e0\006\354\000\0004\2049cP\274\201\326\016\0000\334\020``0cP\274\301\030\264\003\000\3142\020A0cP\274A\302\016\000@E\2303\006E\035\230\201;\000\300p\003\021\220\301\214AQ\007\222;\000\300,\2030\0043\006E\035$\354\000\000t\2049cP\360A\030\274\003\000\\`\304\214A\301\007j\360\016\000p\301\"3\006\005\037\330\301;\000\000)a\316\030\024|@\013\357\000\000'\0043cP\360A(\274\003\000\214\030\034@\b\202\201\223\006y\377\377\377?\364\375\377\377\377\240\377\377\377\377\303\214A\001\000\354\000\000\263\004\303@E \b\240\020\314\030\024\000\340\016\0000bp\000!\b\006\216\032\344\375\377\377\377\340\367\377\377\377\303\376\377\377\377\0173\006\005\000\260\003\000\f\033\020L0\0043\006\305\037\230\001;\000\300\350A\020\\\020\315\214A\201\ni\300\016\000p\201$7\004AQ\2303\006\305*\264\001;\000\300\210\001q\204 \030(r0cP\260\302\306\016\000\220A\210\031\203\202\025\032v\000\200\021\003\002\tA0X\346`\306\240p\005\216\035\000`\304\200IB\020\f\2368\310\203\243\230\b\301\nf\f\212S(\330\001\000F\f\b$\004\301\200\241\203\031\203\"\026\nv\000\200Y\002b\306\240\230\205\200\035\000`'\f\200\200\030\000\000\000\013\000\000\000[\004`\035\266\fA\220\013[\206!\310\205-\003\021\350\302\226\341\bta\313\240\004\272\260eh\002]\3302L\301.l\031\260@\027\000\000\000\000\000q \000\000\003\000\000\0002\016\020\"\204\003\212\016H\320\354\000\000\000\000\000e\f\000\000\205\000\000\000\022\003\224(\004\000\000\000\003\000\000\000\036\001\000\000\t\000\000\000L\000\000\000\001\000\000\000X\000\000\000\000\000\000\000X\000\000\000\021\000\000\000\360\001\000\000\001\000\000\000'\001\000\000\026\000\000\000=\001\000\000\025\000\000\000\020\000\000\000\000\000\000\000\b\002\000\000\000\000\000\000\000\000\000\000\021\000\000\000\000\000\000\000\035\000\000\000\023\000\000\000\035\000\000\000\023\000\000\000\377\377\377\377\001$\000\0000\000\000\000\027\000\000\0000\000\000\000\027\000\000\000\377\377\377\377\001$\000\000G\000\000\000\034\000\000\000G\000\000\000\034\000\000\000\377\377\377\377\b$\000\000c\000\000\000 \000\000\000c\000\000\000 \000\000\000\377\377\377\377\b$\000\000\203\000\000\000\034\000\000\000\203\000\000\000\034\000\000\000\377\377\377\377\b$\000\000\237\000\000\000\016\000\000\000\237\000\000\000\016\000\000\000\377\377\377\377\b,\000\000\255\000\000\000\t\000\000\000\255\000\000\000\t\000\000\000\377\377\377\377\b$\000\000\266\000\000\000\017\000\000\000\266\000\000\000\017\000\000\000\377\377\377\377\211$\000\000\305\000\000\000\r\000\000\000\305\000\000\000\r\000\000\000\377\377\377\377\211$\000\000\322\000\000\000\021\000\000\000\322\000\000\000\021\000\000\000\377\377\377\377\211$\000\000\343\000\000\000\023\000\000\000\343\000\000\000\023\000\000\000\377\377\377\377\211$\000\000\366\000\000\000\020\000\000\000\366\000\000\000\020\000\000\000\377\377\377\377\211$\000\000\006\001\000\000\t\000\000\000\006\001\000\000\t\000\000\000\377\377\377\377\211$\000\000\017\001\000\000\017\000\000\000\017\001\000\000\017\000\000\000\377\377\377\377\211$\000\000\000\000\000\000\020\000\000\000\000\000\000\000\020\000\000\000\377\377\377\377\001\004\000\000R\001\000\000\006\000\000\000\020\000\000\000\004\000\000\000\377\377\377\377\000\030\000\000\024\000\000\000\t\000\000\000\024\000\000\000\t\000\000\000\377\377\377\377\004\f\000\000\000\000\000\000\000\000\000\000\020\000\000\000\000\000\000\000X\001\000\000\r\000\000\000\000\000\000\000]\f\000\000]\000\000\000\022\003\224\345\002\000\000\000g_MCUIdleManager.strllvm.usedCpuLoadMonitor_InitCpuLoadMonitor_CallbackTimerService_GetQueueMaxUsedTimerService_GetQueueOverflowCntTimerService_ClearQueueStatsllvm.dbg.value__2printf_printf_percent_printf_flags_printf_widthprec_printf_pre_padding_printf_sizespec_printf_u_printf_int_dec19.0.0gitthumbv6m-arm-none-eabi../cpu_load_monitor.c.L.strllvm.metadata\000\000\000\000\000\000"
	.size	.Lllvm.embedded.module, 9176

	.section	.debug_abbrev,"",%progbits
	.byte	1                               @ Abbreviation Code
	.byte	17                              @ DW_TAG_compile_unit
	.byte	1                               @ DW_CHILDREN_yes
	.byte	37                              @ DW_AT_producer
	.byte	14                              @ DW_FORM_strp
	.byte	19                              @ DW_AT_language
	.byte	5                               @ DW_FORM_data2
	.byte	3                               @ DW_AT_name
	.byte	14                              @ DW_FORM_strp
	.byte	16                              @ DW_AT_stmt_list
	.byte	23                              @ DW_FORM_sec_offset
	.byte	27                              @ DW_AT_comp_dir
	.byte	14                              @ DW_FORM_strp
	.byte	0                               @ EOM(1)
	.byte	0                               @ EOM(2)
	.byte	2                               @ Abbreviation Code
	.byte	52                              @ DW_TAG_variable
	.byte	0                               @ DW_CHILDREN_no
	.byte	3                               @ DW_AT_name
	.byte	14                              @ DW_FORM_strp
	.byte	73                              @ DW_AT_type
	.byte	19                              @ DW_FORM_ref4
	.byte	63                              @ DW_AT_external
	.byte	25                              @ DW_FORM_flag_present
	.byte	58                              @ DW_AT_decl_file
	.byte	11                              @ DW_FORM_data1
	.byte	59                              @ DW_AT_decl_line
	.byte	11                              @ DW_FORM_data1
	.byte	0                               @ EOM(1)
	.byte	0                               @ EOM(2)
	.byte	3                               @ Abbreviation Code
	.byte	53                              @ DW_TAG_volatile_type
	.byte	0                               @ DW_CHILDREN_no
	.byte	73                              @ DW_AT_type
	.byte	19                              @ DW_FORM_ref4
	.byte	0                               @ EOM(1)
	.byte	0                               @ EOM(2)
	.byte	4                               @ Abbreviation Code
	.byte	22                              @ DW_TAG_typedef
	.byte	0                               @ DW_CHILDREN_no
	.byte	73                              @ DW_AT_type
	.byte	19                              @ DW_FORM_ref4
	.byte	3                               @ DW_AT_name
	.byte	14                              @ DW_FORM_strp
	.byte	58                              @ DW_AT_decl_file
	.byte	11                              @ DW_FORM_data1
	.byte	59                              @ DW_AT_decl_line
	.byte	11                              @ DW_FORM_data1
	.byte	0                               @ EOM(1)
	.byte	0                               @ EOM(2)
	.byte	5                               @ Abbreviation Code
	.byte	19                              @ DW_TAG_structure_type
	.byte	1                               @ DW_CHILDREN_yes
	.byte	3                               @ DW_AT_name
	.byte	14                              @ DW_FORM_strp
	.byte	11                              @ DW_AT_byte_size
	.byte	11                              @ DW_FORM_data1
	.byte	58                              @ DW_AT_decl_file
	.byte	11                              @ DW_FORM_data1
	.byte	59                              @ DW_AT_decl_line
	.byte	11                              @ DW_FORM_data1
	.byte	0                               @ EOM(1)
	.byte	0                               @ EOM(2)
	.byte	6                               @ Abbreviation Code
	.byte	13                              @ DW_TAG_member
	.byte	0                               @ DW_CHILDREN_no
	.byte	3                               @ DW_AT_name
	.byte	14                              @ DW_FORM_strp
	.byte	73                              @ DW_AT_type
	.byte	19                              @ DW_FORM_ref4
	.byte	58                              @ DW_AT_decl_file
	.byte	11                              @ DW_FORM_data1
	.byte	59                              @ DW_AT_decl_line
	.byte	11                              @ DW_FORM_data1
	.byte	56                              @ DW_AT_data_member_location
	.byte	11                              @ DW_FORM_data1
	.byte	0                               @ EOM(1)
	.byte	0                               @ EOM(2)
	.byte	7                               @ Abbreviation Code
	.byte	36                              @ DW_TAG_base_type
	.byte	0                               @ DW_CHILDREN_no
	.byte	3                               @ DW_AT_name
	.byte	14                              @ DW_FORM_strp
	.byte	62                              @ DW_AT_encoding
	.byte	11                              @ DW_FORM_data1
	.byte	11                              @ DW_AT_byte_size
	.byte	11                              @ DW_FORM_data1
	.byte	0                               @ EOM(1)
	.byte	0                               @ EOM(2)
	.byte	8                               @ Abbreviation Code
	.byte	52                              @ DW_TAG_variable
	.byte	0                               @ DW_CHILDREN_no
	.byte	73                              @ DW_AT_type
	.byte	19                              @ DW_FORM_ref4
	.byte	58                              @ DW_AT_decl_file
	.byte	11                              @ DW_FORM_data1
	.byte	59                              @ DW_AT_decl_line
	.byte	11                              @ DW_FORM_data1
	.byte	0                               @ EOM(1)
	.byte	0                               @ EOM(2)
	.byte	9                               @ Abbreviation Code
	.byte	1                               @ DW_TAG_array_type
	.byte	1                               @ DW_CHILDREN_yes
	.byte	73                              @ DW_AT_type
	.byte	19                              @ DW_FORM_ref4
	.byte	0                               @ EOM(1)
	.byte	0                               @ EOM(2)
	.byte	10                              @ Abbreviation Code
	.byte	33                              @ DW_TAG_subrange_type
	.byte	0                               @ DW_CHILDREN_no
	.byte	73                              @ DW_AT_type
	.byte	19                              @ DW_FORM_ref4
	.byte	55                              @ DW_AT_count
	.byte	11                              @ DW_FORM_data1
	.byte	0                               @ EOM(1)
	.byte	0                               @ EOM(2)
	.byte	11                              @ Abbreviation Code
	.byte	36                              @ DW_TAG_base_type
	.byte	0                               @ DW_CHILDREN_no
	.byte	3                               @ DW_AT_name
	.byte	14                              @ DW_FORM_strp
	.byte	11                              @ DW_AT_byte_size
	.byte	11                              @ DW_FORM_data1
	.byte	62                              @ DW_AT_encoding
	.byte	11                              @ DW_FORM_data1
	.byte	0                               @ EOM(1)
	.byte	0                               @ EOM(2)
	.byte	0                               @ EOM(3)
	.section	.debug_info,"",%progbits
.Lcu_begin0:
	.long	.Ldebug_info_end0-.Ldebug_info_start0 @ Length of Unit
.Ldebug_info_start0:
	.short	4                               @ DWARF version number
	.long	.debug_abbrev                   @ Offset Into Abbrev. Section
	.byte	4                               @ Address Size (in bytes)
	.byte	1                               @ Abbrev [1] 0xb:0xb4 DW_TAG_compile_unit
	.long	.Linfo_string0                  @ DW_AT_producer
	.short	12                              @ DW_AT_language
	.long	.Linfo_string1                  @ DW_AT_name
	.long	.Lline_table_start0             @ DW_AT_stmt_list
	.long	.Linfo_string2                  @ DW_AT_comp_dir
	.byte	2                               @ Abbrev [2] 0x1e:0xb DW_TAG_variable
	.long	.Linfo_string3                  @ DW_AT_name
	.long	41                              @ DW_AT_type
                                        @ DW_AT_external
	.byte	3                               @ DW_AT_decl_file
	.byte	10                              @ DW_AT_decl_line
	.byte	3                               @ Abbrev [3] 0x29:0x5 DW_TAG_volatile_type
	.long	46                              @ DW_AT_type
	.byte	4                               @ Abbrev [4] 0x2e:0xb DW_TAG_typedef
	.long	57                              @ DW_AT_type
	.long	.Linfo_string13                 @ DW_AT_name
	.byte	2                               @ DW_AT_decl_file
	.byte	40                              @ DW_AT_decl_line
	.byte	5                               @ Abbrev [5] 0x39:0x39 DW_TAG_structure_type
	.long	.Linfo_string12                 @ DW_AT_name
	.byte	16                              @ DW_AT_byte_size
	.byte	2                               @ DW_AT_decl_file
	.byte	34                              @ DW_AT_decl_line
	.byte	6                               @ Abbrev [6] 0x41:0xc DW_TAG_member
	.long	.Linfo_string4                  @ DW_AT_name
	.long	114                             @ DW_AT_type
	.byte	2                               @ DW_AT_decl_file
	.byte	36                              @ DW_AT_decl_line
	.byte	0                               @ DW_AT_data_member_location
	.byte	6                               @ Abbrev [6] 0x4d:0xc DW_TAG_member
	.long	.Linfo_string7                  @ DW_AT_name
	.long	114                             @ DW_AT_type
	.byte	2                               @ DW_AT_decl_file
	.byte	37                              @ DW_AT_decl_line
	.byte	4                               @ DW_AT_data_member_location
	.byte	6                               @ Abbrev [6] 0x59:0xc DW_TAG_member
	.long	.Linfo_string8                  @ DW_AT_name
	.long	114                             @ DW_AT_type
	.byte	2                               @ DW_AT_decl_file
	.byte	38                              @ DW_AT_decl_line
	.byte	8                               @ DW_AT_data_member_location
	.byte	6                               @ Abbrev [6] 0x65:0xc DW_TAG_member
	.long	.Linfo_string9                  @ DW_AT_name
	.long	132                             @ DW_AT_type
	.byte	2                               @ DW_AT_decl_file
	.byte	39                              @ DW_AT_decl_line
	.byte	12                              @ DW_AT_data_member_location
	.byte	0                               @ End Of Children Mark
	.byte	4                               @ Abbrev [4] 0x72:0xb DW_TAG_typedef
	.long	125                             @ DW_AT_type
	.long	.Linfo_string6                  @ DW_AT_name
	.byte	1                               @ DW_AT_decl_file
	.byte	64                              @ DW_AT_decl_line
	.byte	7                               @ Abbrev [7] 0x7d:0x7 DW_TAG_base_type
	.long	.Linfo_string5                  @ DW_AT_name
	.byte	7                               @ DW_AT_encoding
	.byte	4                               @ DW_AT_byte_size
	.byte	4                               @ Abbrev [4] 0x84:0xb DW_TAG_typedef
	.long	143                             @ DW_AT_type
	.long	.Linfo_string11                 @ DW_AT_name
	.byte	1                               @ DW_AT_decl_file
	.byte	63                              @ DW_AT_decl_line
	.byte	7                               @ Abbrev [7] 0x8f:0x7 DW_TAG_base_type
	.long	.Linfo_string10                 @ DW_AT_name
	.byte	7                               @ DW_AT_encoding
	.byte	2                               @ DW_AT_byte_size
	.byte	8                               @ Abbrev [8] 0x96:0x7 DW_TAG_variable
	.long	157                             @ DW_AT_type
	.byte	3                               @ DW_AT_decl_file
	.byte	71                              @ DW_AT_decl_line
	.byte	9                               @ Abbrev [9] 0x9d:0xc DW_TAG_array_type
	.long	169                             @ DW_AT_type
	.byte	10                              @ Abbrev [10] 0xa2:0x6 DW_TAG_subrange_type
	.long	176                             @ DW_AT_type
	.byte	93                              @ DW_AT_count
	.byte	0                               @ End Of Children Mark
	.byte	7                               @ Abbrev [7] 0xa9:0x7 DW_TAG_base_type
	.long	.Linfo_string14                 @ DW_AT_name
	.byte	8                               @ DW_AT_encoding
	.byte	1                               @ DW_AT_byte_size
	.byte	11                              @ Abbrev [11] 0xb0:0x7 DW_TAG_base_type
	.long	.Linfo_string15                 @ DW_AT_name
	.byte	8                               @ DW_AT_byte_size
	.byte	7                               @ DW_AT_encoding
	.byte	7                               @ Abbrev [7] 0xb7:0x7 DW_TAG_base_type
	.long	.Linfo_string16                 @ DW_AT_name
	.byte	7                               @ DW_AT_encoding
	.byte	4                               @ DW_AT_byte_size
	.byte	0                               @ End Of Children Mark
.Ldebug_info_end0:
	.section	.debug_str,"MS",%progbits,1
.Linfo_string0:
	.asciz	"Component: Arm Compiler for Embedded 6.22 Tool: armclang [5ee92100]" @ string offset=0
.Linfo_string1:
	.asciz	"..\\cpu_load_monitor.c"        @ string offset=68
.Linfo_string2:
	.asciz	"D:\\SourceCode\\_Avery_M031\\M031BSP_RingBuffer_TimerEvent\\SampleCode\\Template\\Keil" @ string offset=90
.Linfo_string3:
	.asciz	"g_MCUIdleManager"              @ string offset=171
.Linfo_string4:
	.asciz	"idle_counter"                  @ string offset=188
.Linfo_string5:
	.asciz	"unsigned int"                  @ string offset=201
.Linfo_string6:
	.asciz	"uint32_t"                      @ string offset=214
.Linfo_string7:
	.asciz	"idle_max"                      @ string offset=223
.Linfo_string8:
	.asciz	"cpu_load_permil"               @ string offset=232
.Linfo_string9:
	.asciz	"timer_id_cpumon"               @ string offset=248
.Linfo_string10:
	.asciz	"unsigned short"                @ string offset=264
.Linfo_string11:
	.asciz	"uint16_t"                      @ string offset=279
.Linfo_string12:
	.asciz	"_mcu_idle_manager_t"           @ string offset=288
.Linfo_string13:
	.asciz	"MCU_IDLE_MANAGER_T"            @ string offset=308
.Linfo_string14:
	.asciz	"char"                          @ string offset=327
.Linfo_string15:
	.asciz	"__ARRAY_SIZE_TYPE__"           @ string offset=332
.Linfo_string16:
	.asciz	"unsigned long"                 @ string offset=352
	.ident	"Component: Arm Compiler for Embedded 6.22 Tool: armclang [5ee92100]"
	.section	".note.GNU-stack","",%progbits
	.ARM_attribute	16, 1	@ Tag_AV_eba
	.section	.debug_line,"",%progbits
.Lline_table_start0:
